2020-10-29 00:15:18 INFO  CountriesRestApi:17 - ***********Started TC001_SearchByCountryCode************
2020-10-29 00:15:23 INFO  CountriesRestApi:68 - Checkign Response Status code...
2020-10-29 00:15:23 INFO  CountriesRestApi:74 - checkResponseBody...
2020-10-29 00:15:23 INFO  CountriesRestApi:75 - {"name":"Norway","topLevelDomain":[".no"],"alpha2Code":"NO","alpha3Code":"NOR","callingCodes":["47"],"capital":"Oslo","altSpellings":["NO","Norge","Noreg","Kingdom of Norway","Kongeriket Norge","Kongeriket Noreg"],"region":"Europe","subregion":"Northern Europe","population":5223256,"latlng":[62.0,10.0],"demonym":"Norwegian","area":323802.0,"gini":25.8,"timezones":["UTC+01:00"],"borders":["FIN","SWE","RUS"],"nativeName":"Norge","numericCode":"578","currencies":[{"code":"NOK","name":"Norwegian krone","symbol":"kr"}],"languages":[{"iso639_1":"no","iso639_2":"nor","name":"Norwegian","nativeName":"Norsk"},{"iso639_1":"nb","iso639_2":"nob","name":"Norwegian Bokmål","nativeName":"Norsk bokmål"},{"iso639_1":"nn","iso639_2":"nno","name":"Norwegian Nynorsk","nativeName":"Norsk nynorsk"}],"translations":{"de":"Norwegen","es":"Noruega","fr":"Norvège","ja":"?????","it":"Norvegia","br":"Noruega","pt":"Noruega","nl":"Noorwegen","hr":"Norveška","fa":"????"},"flag":"https://restcountries.eu/data/nor.svg","regionalBlocs":[{"acronym":"EFTA","name":"European Free Trade Association","otherAcronyms":[],"otherNames":[]}],"cioc":"NOR"}
2020-10-29 00:15:23 INFO  CountriesRestApi:79 - checking header content-type...
2020-10-29 00:15:23 INFO  CountriesRestApi:82 - response header ContentType is:application/json;charset=utf-8
2020-10-29 00:15:23 INFO  CountriesRestApi:86 - checking header content-encoding...
2020-10-29 00:15:23 INFO  CountriesRestApi:89 - response header Content Encoding is:gzip
2020-10-29 00:15:23 INFO  CountriesRestApi:93 - checking ResponseTime...
2020-10-29 00:15:23 INFO  CountriesRestApi:99 - ResponseTime is:784
2020-10-29 00:15:23 INFO  CountriesRestApi:103 - checking cookies...
2020-10-29 00:15:23 INFO  CountriesRestApi:106 - cookie is: d7ab0242f1d66b178e5ee854302fc28811603948523
2020-10-29 00:15:23 INFO  CountriesRestApi:68 - Checkign Response Status code...
2020-10-29 00:15:23 INFO  CountriesRestApi:74 - checkResponseBody...
2020-10-29 00:15:23 INFO  CountriesRestApi:75 - {"name":"Colombia","topLevelDomain":[".co"],"alpha2Code":"CO","alpha3Code":"COL","callingCodes":["57"],"capital":"Bogotá","altSpellings":["CO","Republic of Colombia","República de Colombia"],"region":"Americas","subregion":"South America","population":48759958,"latlng":[4.0,-72.0],"demonym":"Colombian","area":1141748.0,"gini":55.9,"timezones":["UTC-05:00"],"borders":["BRA","ECU","PAN","PER","VEN"],"nativeName":"Colombia","numericCode":"170","currencies":[{"code":"COP","name":"Colombian peso","symbol":"$"}],"languages":[{"iso639_1":"es","iso639_2":"spa","name":"Spanish","nativeName":"Español"}],"translations":{"de":"Kolumbien","es":"Colombia","fr":"Colombie","ja":"?????","it":"Colombia","br":"Colômbia","pt":"Colômbia","nl":"Colombia","hr":"Kolumbija","fa":"??????"},"flag":"https://restcountries.eu/data/col.svg","regionalBlocs":[{"acronym":"PA","name":"Pacific Alliance","otherAcronyms":[],"otherNames":["Alianza del Pacífico"]},{"acronym":"USAN","name":"Union of South American Nations","otherAcronyms":["UNASUR","UNASUL","UZAN"],"otherNames":["Unión de Naciones Suramericanas","União de Nações Sul-Americanas","Unie van Zuid-Amerikaanse Naties","South American Union"]}],"cioc":"COL"}
2020-10-29 00:15:23 INFO  CountriesRestApi:79 - checking header content-type...
2020-10-29 00:15:23 INFO  CountriesRestApi:82 - response header ContentType is:application/json;charset=utf-8
2020-10-29 00:15:23 INFO  CountriesRestApi:86 - checking header content-encoding...
2020-10-29 00:15:23 INFO  CountriesRestApi:89 - response header Content Encoding is:gzip
2020-10-29 00:15:23 INFO  CountriesRestApi:93 - checking ResponseTime...
2020-10-29 00:15:23 INFO  CountriesRestApi:99 - ResponseTime is:151
2020-10-29 00:15:23 INFO  CountriesRestApi:103 - checking cookies...
2020-10-29 00:15:23 INFO  CountriesRestApi:106 - cookie is: d61feff3c97f123cbdb3f3d5207ed08621603948523
2020-10-29 00:15:39 INFO  CountriesRestApi:68 - Checkign Response Status code...
2020-10-29 00:15:39 INFO  CountriesRestApi:74 - checkResponseBody...
2020-10-29 00:15:39 INFO  CountriesRestApi:75 - {"name":"Estonia","topLevelDomain":[".ee"],"alpha2Code":"EE","alpha3Code":"EST","callingCodes":["372"],"capital":"Tallinn","altSpellings":["EE","Eesti","Republic of Estonia","Eesti Vabariik"],"region":"Europe","subregion":"Northern Europe","population":1315944,"latlng":[59.0,26.0],"demonym":"Estonian","area":45227.0,"gini":36.0,"timezones":["UTC+02:00"],"borders":["LVA","RUS"],"nativeName":"Eesti","numericCode":"233","currencies":[{"code":"EUR","name":"Euro","symbol":"€"}],"languages":[{"iso639_1":"et","iso639_2":"est","name":"Estonian","nativeName":"eesti"}],"translations":{"de":"Estland","es":"Estonia","fr":"Estonie","ja":"?????","it":"Estonia","br":"Estônia","pt":"Estónia","nl":"Estland","hr":"Estonija","fa":"??????"},"flag":"https://restcountries.eu/data/est.svg","regionalBlocs":[{"acronym":"EU","name":"European Union","otherAcronyms":[],"otherNames":[]}],"cioc":"EST"}
2020-10-29 00:15:39 INFO  CountriesRestApi:79 - checking header content-type...
2020-10-29 00:15:39 INFO  CountriesRestApi:82 - response header ContentType is:application/json;charset=utf-8
2020-10-29 00:15:39 INFO  CountriesRestApi:86 - checking header content-encoding...
2020-10-29 00:15:39 INFO  CountriesRestApi:89 - response header Content Encoding is:gzip
2020-10-29 00:15:39 INFO  CountriesRestApi:93 - checking ResponseTime...
2020-10-29 00:15:39 INFO  CountriesRestApi:99 - ResponseTime is:119
2020-10-29 00:15:39 INFO  CountriesRestApi:103 - checking cookies...
2020-10-29 00:15:39 INFO  CountriesRestApi:106 - cookie is: dae45b05fe9de5af99a6f0484af3d77d21603948539
2020-10-29 00:15:41 INFO  CountriesRestApi:44 - ***********End of TC001_SearchByCountryCode*********
2020-10-29 00:45:16 INFO  CountriesRestApi:17 - ***********Started TC001_SearchByCountryCode************
2020-10-29 00:45:21 INFO  CountriesRestApi:67 - Checking Response Status code...
2020-10-29 00:45:21 INFO  CountriesRestApi:71 - checking Response Body...
2020-10-29 00:45:21 INFO  CountriesRestApi:73 - {"name":"Colombia","topLevelDomain":[".co"],"alpha2Code":"CO","alpha3Code":"COL","callingCodes":["57"],"capital":"Bogotá","altSpellings":["CO","Republic of Colombia","República de Colombia"],"region":"Americas","subregion":"South America","population":48759958,"latlng":[4.0,-72.0],"demonym":"Colombian","area":1141748.0,"gini":55.9,"timezones":["UTC-05:00"],"borders":["BRA","ECU","PAN","PER","VEN"],"nativeName":"Colombia","numericCode":"170","currencies":[{"code":"COP","name":"Colombian peso","symbol":"$"}],"languages":[{"iso639_1":"es","iso639_2":"spa","name":"Spanish","nativeName":"Español"}],"translations":{"de":"Kolumbien","es":"Colombia","fr":"Colombie","ja":"?????","it":"Colombia","br":"Colômbia","pt":"Colômbia","nl":"Colombia","hr":"Kolumbija","fa":"??????"},"flag":"https://restcountries.eu/data/col.svg","regionalBlocs":[{"acronym":"PA","name":"Pacific Alliance","otherAcronyms":[],"otherNames":["Alianza del Pacífico"]},{"acronym":"USAN","name":"Union of South American Nations","otherAcronyms":["UNASUR","UNASUL","UZAN"],"otherNames":["Unión de Naciones Suramericanas","União de Nações Sul-Americanas","Unie van Zuid-Amerikaanse Naties","South American Union"]}],"cioc":"COL"}
2020-10-29 00:46:08 INFO  CountriesRestApi:17 - ***********Started TC001_SearchByCountryCode************
2020-10-29 00:46:12 INFO  CountriesRestApi:67 - Checking Response Status code...
2020-10-29 00:46:12 INFO  CountriesRestApi:71 - checking Response Body...
2020-10-29 00:46:12 INFO  CountriesRestApi:73 - {"name":"Colombia","topLevelDomain":[".co"],"alpha2Code":"CO","alpha3Code":"COL","callingCodes":["57"],"capital":"Bogotá","altSpellings":["CO","Republic of Colombia","República de Colombia"],"region":"Americas","subregion":"South America","population":48759958,"latlng":[4.0,-72.0],"demonym":"Colombian","area":1141748.0,"gini":55.9,"timezones":["UTC-05:00"],"borders":["BRA","ECU","PAN","PER","VEN"],"nativeName":"Colombia","numericCode":"170","currencies":[{"code":"COP","name":"Colombian peso","symbol":"$"}],"languages":[{"iso639_1":"es","iso639_2":"spa","name":"Spanish","nativeName":"Español"}],"translations":{"de":"Kolumbien","es":"Colombia","fr":"Colombie","ja":"?????","it":"Colombia","br":"Colômbia","pt":"Colômbia","nl":"Colombia","hr":"Kolumbija","fa":"??????"},"flag":"https://restcountries.eu/data/col.svg","regionalBlocs":[{"acronym":"PA","name":"Pacific Alliance","otherAcronyms":[],"otherNames":["Alianza del Pacífico"]},{"acronym":"USAN","name":"Union of South American Nations","otherAcronyms":["UNASUR","UNASUL","UZAN"],"otherNames":["Unión de Naciones Suramericanas","União de Nações Sul-Americanas","Unie van Zuid-Amerikaanse Naties","South American Union"]}],"cioc":"COL"}
2020-10-29 00:46:13 INFO  CountriesRestApi:85 - checking header Content-Type...
2020-10-29 00:46:13 INFO  CountriesRestApi:87 - response header ContentType is:application/json;charset=utf-8
2020-10-29 00:46:13 INFO  CountriesRestApi:91 - checking header Content-Encoding...
2020-10-29 00:46:13 INFO  CountriesRestApi:93 - response header Content Encoding is:gzip
2020-10-29 00:46:13 INFO  CountriesRestApi:97 - checking Response Time...
2020-10-29 00:46:13 INFO  CountriesRestApi:102 - Response Time is:683
2020-10-29 00:46:13 INFO  CountriesRestApi:106 - checking cookies...
2020-10-29 00:46:13 INFO  CountriesRestApi:108 - cookie is: de4944aa554499ca3dc213360520b06cf1603950373
2020-10-29 00:46:17 INFO  CountriesRestApi:67 - Checking Response Status code...
2020-10-29 00:46:17 INFO  CountriesRestApi:71 - checking Response Body...
2020-10-29 00:46:17 INFO  CountriesRestApi:73 - {"name":"Estonia","topLevelDomain":[".ee"],"alpha2Code":"EE","alpha3Code":"EST","callingCodes":["372"],"capital":"Tallinn","altSpellings":["EE","Eesti","Republic of Estonia","Eesti Vabariik"],"region":"Europe","subregion":"Northern Europe","population":1315944,"latlng":[59.0,26.0],"demonym":"Estonian","area":45227.0,"gini":36.0,"timezones":["UTC+02:00"],"borders":["LVA","RUS"],"nativeName":"Eesti","numericCode":"233","currencies":[{"code":"EUR","name":"Euro","symbol":"€"}],"languages":[{"iso639_1":"et","iso639_2":"est","name":"Estonian","nativeName":"eesti"}],"translations":{"de":"Estland","es":"Estonia","fr":"Estonie","ja":"?????","it":"Estonia","br":"Estônia","pt":"Estónia","nl":"Estland","hr":"Estonija","fa":"??????"},"flag":"https://restcountries.eu/data/est.svg","regionalBlocs":[{"acronym":"EU","name":"European Union","otherAcronyms":[],"otherNames":[]}],"cioc":"EST"}
2020-10-29 00:46:17 INFO  CountriesRestApi:85 - checking header Content-Type...
2020-10-29 00:46:17 INFO  CountriesRestApi:87 - response header ContentType is:application/json;charset=utf-8
2020-10-29 00:46:17 INFO  CountriesRestApi:91 - checking header Content-Encoding...
2020-10-29 00:46:17 INFO  CountriesRestApi:93 - response header Content Encoding is:gzip
2020-10-29 00:46:17 INFO  CountriesRestApi:97 - checking Response Time...
2020-10-29 00:46:17 INFO  CountriesRestApi:102 - Response Time is:136
2020-10-29 00:46:17 INFO  CountriesRestApi:106 - checking cookies...
2020-10-29 00:46:17 INFO  CountriesRestApi:108 - cookie is: db62d4000187ec7233cb5311f2ae095c21603950378
2020-10-29 00:46:20 INFO  CountriesRestApi:67 - Checking Response Status code...
2020-10-29 00:46:20 INFO  CountriesRestApi:71 - checking Response Body...
2020-10-29 00:46:20 INFO  CountriesRestApi:73 - {"name":"Norway","topLevelDomain":[".no"],"alpha2Code":"NO","alpha3Code":"NOR","callingCodes":["47"],"capital":"Oslo","altSpellings":["NO","Norge","Noreg","Kingdom of Norway","Kongeriket Norge","Kongeriket Noreg"],"region":"Europe","subregion":"Northern Europe","population":5223256,"latlng":[62.0,10.0],"demonym":"Norwegian","area":323802.0,"gini":25.8,"timezones":["UTC+01:00"],"borders":["FIN","SWE","RUS"],"nativeName":"Norge","numericCode":"578","currencies":[{"code":"NOK","name":"Norwegian krone","symbol":"kr"}],"languages":[{"iso639_1":"no","iso639_2":"nor","name":"Norwegian","nativeName":"Norsk"},{"iso639_1":"nb","iso639_2":"nob","name":"Norwegian Bokmål","nativeName":"Norsk bokmål"},{"iso639_1":"nn","iso639_2":"nno","name":"Norwegian Nynorsk","nativeName":"Norsk nynorsk"}],"translations":{"de":"Norwegen","es":"Noruega","fr":"Norvège","ja":"?????","it":"Norvegia","br":"Noruega","pt":"Noruega","nl":"Noorwegen","hr":"Norveška","fa":"????"},"flag":"https://restcountries.eu/data/nor.svg","regionalBlocs":[{"acronym":"EFTA","name":"European Free Trade Association","otherAcronyms":[],"otherNames":[]}],"cioc":"NOR"}
2020-10-29 00:46:20 INFO  CountriesRestApi:85 - checking header Content-Type...
2020-10-29 00:46:20 INFO  CountriesRestApi:87 - response header ContentType is:application/json;charset=utf-8
2020-10-29 00:46:20 INFO  CountriesRestApi:91 - checking header Content-Encoding...
2020-10-29 00:46:20 INFO  CountriesRestApi:93 - response header Content Encoding is:gzip
2020-10-29 00:46:20 INFO  CountriesRestApi:97 - checking Response Time...
2020-10-29 00:46:20 INFO  CountriesRestApi:102 - Response Time is:138
2020-10-29 00:46:20 INFO  CountriesRestApi:106 - checking cookies...
2020-10-29 00:46:20 INFO  CountriesRestApi:108 - cookie is: d0aa3693b7fdf81a42e6d2833b65e85251603950381
2020-10-29 00:46:34 INFO  CountriesRestApi:44 - ***********End of TC001_SearchByCountryCode*********
2020-10-29 00:49:44 INFO  CountriesRestApi:17 - ***********Started TC001_SearchByCountryCode************
2020-10-29 00:49:49 INFO  CountriesRestApi:67 - Checking Response Status code...
2020-10-29 00:49:49 INFO  CountriesRestApi:71 - checking Response Body...
2020-10-29 00:49:49 INFO  CountriesRestApi:73 - {"name":"Estonia","topLevelDomain":[".ee"],"alpha2Code":"EE","alpha3Code":"EST","callingCodes":["372"],"capital":"Tallinn","altSpellings":["EE","Eesti","Republic of Estonia","Eesti Vabariik"],"region":"Europe","subregion":"Northern Europe","population":1315944,"latlng":[59.0,26.0],"demonym":"Estonian","area":45227.0,"gini":36.0,"timezones":["UTC+02:00"],"borders":["LVA","RUS"],"nativeName":"Eesti","numericCode":"233","currencies":[{"code":"EUR","name":"Euro","symbol":"€"}],"languages":[{"iso639_1":"et","iso639_2":"est","name":"Estonian","nativeName":"eesti"}],"translations":{"de":"Estland","es":"Estonia","fr":"Estonie","ja":"?????","it":"Estonia","br":"Estônia","pt":"Estónia","nl":"Estland","hr":"Estonija","fa":"??????"},"flag":"https://restcountries.eu/data/est.svg","regionalBlocs":[{"acronym":"EU","name":"European Union","otherAcronyms":[],"otherNames":[]}],"cioc":"EST"}
2020-10-29 00:49:50 INFO  CountriesRestApi:87 - checking header Content-Type...
2020-10-29 00:49:50 INFO  CountriesRestApi:89 - response header ContentType is:application/json;charset=utf-8
2020-10-29 00:49:50 INFO  CountriesRestApi:93 - checking header Content-Encoding...
2020-10-29 00:49:50 INFO  CountriesRestApi:95 - response header Content Encoding is:gzip
2020-10-29 00:49:50 INFO  CountriesRestApi:99 - checking Response Time...
2020-10-29 00:49:50 INFO  CountriesRestApi:104 - Response Time is:747
2020-10-29 00:49:50 INFO  CountriesRestApi:108 - checking cookies...
2020-10-29 00:49:50 INFO  CountriesRestApi:110 - cookie is: de13bc6c14b2c7bb6bd02c741bdc078f11603950589
2020-10-29 00:49:54 INFO  CountriesRestApi:67 - Checking Response Status code...
2020-10-29 00:49:54 INFO  CountriesRestApi:71 - checking Response Body...
2020-10-29 00:49:54 INFO  CountriesRestApi:73 - {"name":"Colombia","topLevelDomain":[".co"],"alpha2Code":"CO","alpha3Code":"COL","callingCodes":["57"],"capital":"Bogotá","altSpellings":["CO","Republic of Colombia","República de Colombia"],"region":"Americas","subregion":"South America","population":48759958,"latlng":[4.0,-72.0],"demonym":"Colombian","area":1141748.0,"gini":55.9,"timezones":["UTC-05:00"],"borders":["BRA","ECU","PAN","PER","VEN"],"nativeName":"Colombia","numericCode":"170","currencies":[{"code":"COP","name":"Colombian peso","symbol":"$"}],"languages":[{"iso639_1":"es","iso639_2":"spa","name":"Spanish","nativeName":"Español"}],"translations":{"de":"Kolumbien","es":"Colombia","fr":"Colombie","ja":"?????","it":"Colombia","br":"Colômbia","pt":"Colômbia","nl":"Colombia","hr":"Kolumbija","fa":"??????"},"flag":"https://restcountries.eu/data/col.svg","regionalBlocs":[{"acronym":"PA","name":"Pacific Alliance","otherAcronyms":[],"otherNames":["Alianza del Pacífico"]},{"acronym":"USAN","name":"Union of South American Nations","otherAcronyms":["UNASUR","UNASUL","UZAN"],"otherNames":["Unión de Naciones Suramericanas","União de Nações Sul-Americanas","Unie van Zuid-Amerikaanse Naties","South American Union"]}],"cioc":"COL"}
2020-10-29 00:49:54 INFO  CountriesRestApi:87 - checking header Content-Type...
2020-10-29 00:49:54 INFO  CountriesRestApi:89 - response header ContentType is:application/json;charset=utf-8
2020-10-29 00:49:54 INFO  CountriesRestApi:93 - checking header Content-Encoding...
2020-10-29 00:49:54 INFO  CountriesRestApi:95 - response header Content Encoding is:gzip
2020-10-29 00:49:54 INFO  CountriesRestApi:99 - checking Response Time...
2020-10-29 00:49:54 INFO  CountriesRestApi:104 - Response Time is:133
2020-10-29 00:49:54 INFO  CountriesRestApi:108 - checking cookies...
2020-10-29 00:49:54 INFO  CountriesRestApi:110 - cookie is: d0597620c4bfd3e816de26d9bcd6e562c1603950595
2020-10-29 00:49:59 INFO  CountriesRestApi:67 - Checking Response Status code...
2020-10-29 00:49:59 INFO  CountriesRestApi:71 - checking Response Body...
2020-10-29 00:49:59 INFO  CountriesRestApi:73 - {"name":"Norway","topLevelDomain":[".no"],"alpha2Code":"NO","alpha3Code":"NOR","callingCodes":["47"],"capital":"Oslo","altSpellings":["NO","Norge","Noreg","Kingdom of Norway","Kongeriket Norge","Kongeriket Noreg"],"region":"Europe","subregion":"Northern Europe","population":5223256,"latlng":[62.0,10.0],"demonym":"Norwegian","area":323802.0,"gini":25.8,"timezones":["UTC+01:00"],"borders":["FIN","SWE","RUS"],"nativeName":"Norge","numericCode":"578","currencies":[{"code":"NOK","name":"Norwegian krone","symbol":"kr"}],"languages":[{"iso639_1":"no","iso639_2":"nor","name":"Norwegian","nativeName":"Norsk"},{"iso639_1":"nb","iso639_2":"nob","name":"Norwegian Bokmål","nativeName":"Norsk bokmål"},{"iso639_1":"nn","iso639_2":"nno","name":"Norwegian Nynorsk","nativeName":"Norsk nynorsk"}],"translations":{"de":"Norwegen","es":"Noruega","fr":"Norvège","ja":"?????","it":"Norvegia","br":"Noruega","pt":"Noruega","nl":"Noorwegen","hr":"Norveška","fa":"????"},"flag":"https://restcountries.eu/data/nor.svg","regionalBlocs":[{"acronym":"EFTA","name":"European Free Trade Association","otherAcronyms":[],"otherNames":[]}],"cioc":"NOR"}
2020-10-29 00:49:59 INFO  CountriesRestApi:87 - checking header Content-Type...
2020-10-29 00:49:59 INFO  CountriesRestApi:89 - response header ContentType is:application/json;charset=utf-8
2020-10-29 00:49:59 INFO  CountriesRestApi:93 - checking header Content-Encoding...
2020-10-29 00:49:59 INFO  CountriesRestApi:95 - response header Content Encoding is:gzip
2020-10-29 00:49:59 INFO  CountriesRestApi:99 - checking Response Time...
2020-10-29 00:49:59 INFO  CountriesRestApi:104 - Response Time is:201
2020-10-29 00:49:59 INFO  CountriesRestApi:108 - checking cookies...
2020-10-29 00:49:59 INFO  CountriesRestApi:110 - cookie is: d6646deb6b73c54c821eb1c1e77b86a141603950599
2020-10-29 00:50:08 INFO  CountriesRestApi:44 - ***********End of TC001_SearchByCountryCode*********
2020-10-29 00:52:17 INFO  CountriesRestApi:17 - ***********Started TC001_SearchByCountryCode************
2020-10-29 00:52:22 INFO  CountriesRestApi:67 - Checking Response Status code...
2020-10-29 00:52:22 INFO  CountriesRestApi:71 - checking Response Body...
2020-10-29 00:52:22 INFO  CountriesRestApi:73 - {"name":"Colombia","topLevelDomain":[".co"],"alpha2Code":"CO","alpha3Code":"COL","callingCodes":["57"],"capital":"Bogotá","altSpellings":["CO","Republic of Colombia","República de Colombia"],"region":"Americas","subregion":"South America","population":48759958,"latlng":[4.0,-72.0],"demonym":"Colombian","area":1141748.0,"gini":55.9,"timezones":["UTC-05:00"],"borders":["BRA","ECU","PAN","PER","VEN"],"nativeName":"Colombia","numericCode":"170","currencies":[{"code":"COP","name":"Colombian peso","symbol":"$"}],"languages":[{"iso639_1":"es","iso639_2":"spa","name":"Spanish","nativeName":"Español"}],"translations":{"de":"Kolumbien","es":"Colombia","fr":"Colombie","ja":"?????","it":"Colombia","br":"Colômbia","pt":"Colômbia","nl":"Colombia","hr":"Kolumbija","fa":"??????"},"flag":"https://restcountries.eu/data/col.svg","regionalBlocs":[{"acronym":"PA","name":"Pacific Alliance","otherAcronyms":[],"otherNames":["Alianza del Pacífico"]},{"acronym":"USAN","name":"Union of South American Nations","otherAcronyms":["UNASUR","UNASUL","UZAN"],"otherNames":["Unión de Naciones Suramericanas","União de Nações Sul-Americanas","Unie van Zuid-Amerikaanse Naties","South American Union"]}],"cioc":"COL"}
2020-10-29 00:52:22 INFO  CountriesRestApi:87 - checking header Content-Type...
2020-10-29 00:52:22 INFO  CountriesRestApi:89 - response header ContentType is:application/json;charset=utf-8
2020-10-29 00:52:22 INFO  CountriesRestApi:93 - checking header Content-Encoding...
2020-10-29 00:52:22 INFO  CountriesRestApi:95 - response header Content Encoding is:gzip
2020-10-29 00:52:22 INFO  CountriesRestApi:99 - checking Response Time...
2020-10-29 00:52:22 INFO  CountriesRestApi:104 - Response Time is:687
2020-10-29 00:52:22 INFO  CountriesRestApi:108 - checking cookies...
2020-10-29 00:52:22 INFO  CountriesRestApi:110 - cookie is: d7415f7ebb446be1b9573f798bf58e7411603950742
2020-10-29 00:52:24 INFO  CountriesRestApi:44 - ***********End of TC001_SearchByCountryCode*********
2020-10-29 01:42:08 INFO  CountriesRestApi:17 - ***********Started TC001_SearchByCountryCode************
2020-10-29 01:42:32 INFO  CountriesRestApi:44 - ***********End of TC001_SearchByCountryCode*********
2020-10-29 01:42:44 INFO  CountriesRestApi:17 - ***********Started TC001_SearchByCountryCode************
2020-10-29 01:43:01 INFO  CountriesRestApi:44 - ***********End of TC001_SearchByCountryCode*********
2020-10-29 01:43:08 INFO  CountriesRestApi:17 - ***********Started TC001_SearchByCountryCode************
2020-10-29 01:44:32 INFO  CountriesRestApi:44 - ***********End of TC001_SearchByCountryCode*********
2020-10-29 01:46:58 INFO  CountriesRestApi:17 - ***********Started TC001_SearchByCountryCode************
2020-10-29 01:49:41 INFO  CountriesRestApi:17 - ***********Started TC001_SearchByCountryCode************
2020-10-29 01:51:19 INFO  CountriesRestApi:17 - ***********Started TC001_SearchByCountryCode************
2020-10-29 01:51:45 INFO  CountriesRestApi:44 - ***********End of TC001_SearchByCountryCode*********
2020-10-29 01:53:44 INFO  CountriesRestApi:17 - ***********Started TC001_SearchByCountryCode************
2020-10-29 01:55:15 INFO  CountriesRestApi:45 - ***********End of TC001_SearchByCountryCode*********
2020-10-29 01:55:25 INFO  CountriesRestApi:17 - ***********Started TC001_SearchByCountryCode************
2020-10-29 01:55:53 INFO  CountriesRestApi:27 - choice is: 4
2020-10-29 01:55:53 INFO  CountriesRestApi:46 - ***********End of TC001_SearchByCountryCode*********
2020-10-29 01:58:25 INFO  CountriesRestApi:17 - ***********Started TC001_SearchByCountryCode************
2020-10-29 02:00:58 INFO  CountriesRestApi:17 - ***********Started TC001_SearchByCountryCode************
2020-10-29 02:04:34 INFO  CountriesRestApi:17 - ***********Started TC001_SearchByCountryCode************
2020-10-29 02:05:11 INFO  CountriesRestApi:17 - ***********Started TC001_SearchByCountryCode************
2020-10-29 02:06:37 INFO  CountriesRestApi:17 - ***********Started TC001_SearchByCountryCode************
2020-10-29 20:58:38 INFO  CountriesRestApi:17 - ***********Started TC001_SearchByCountryCode************
2020-11-01 10:01:00 INFO  CountriesRestApi:17 - ***********Started TC001_SearchByCountryCode************
2020-11-01 10:01:03 INFO  CountriesRestApi:27 - choice is: 2
2020-11-01 10:01:20 INFO  CountriesRestApi:71 - Checking Response Status code...
2020-11-01 10:01:20 INFO  CountriesRestApi:75 - checking Response Body...
2020-11-01 10:01:20 INFO  CountriesRestApi:77 - {"name":"Norway","topLevelDomain":[".no"],"alpha2Code":"NO","alpha3Code":"NOR","callingCodes":["47"],"capital":"Oslo","altSpellings":["NO","Norge","Noreg","Kingdom of Norway","Kongeriket Norge","Kongeriket Noreg"],"region":"Europe","subregion":"Northern Europe","population":5223256,"latlng":[62.0,10.0],"demonym":"Norwegian","area":323802.0,"gini":25.8,"timezones":["UTC+01:00"],"borders":["FIN","SWE","RUS"],"nativeName":"Norge","numericCode":"578","currencies":[{"code":"NOK","name":"Norwegian krone","symbol":"kr"}],"languages":[{"iso639_1":"no","iso639_2":"nor","name":"Norwegian","nativeName":"Norsk"},{"iso639_1":"nb","iso639_2":"nob","name":"Norwegian Bokmål","nativeName":"Norsk bokmål"},{"iso639_1":"nn","iso639_2":"nno","name":"Norwegian Nynorsk","nativeName":"Norsk nynorsk"}],"translations":{"de":"Norwegen","es":"Noruega","fr":"Norvège","ja":"?????","it":"Norvegia","br":"Noruega","pt":"Noruega","nl":"Noorwegen","hr":"Norveška","fa":"????"},"flag":"https://restcountries.eu/data/nor.svg","regionalBlocs":[{"acronym":"EFTA","name":"European Free Trade Association","otherAcronyms":[],"otherNames":[]}],"cioc":"NOR"}
2020-11-01 10:01:20 INFO  CountriesRestApi:91 - checking header Content-Type...
2020-11-01 10:01:20 INFO  CountriesRestApi:93 - response header ContentType is:application/json;charset=utf-8
2020-11-01 10:01:20 INFO  CountriesRestApi:97 - checking header Content-Encoding...
2020-11-01 10:01:20 INFO  CountriesRestApi:99 - response header Content Encoding is:gzip
2020-11-01 10:01:20 INFO  CountriesRestApi:103 - checking Response Time...
2020-11-01 10:01:20 INFO  CountriesRestApi:108 - Response Time is:972
2020-11-01 10:01:20 INFO  CountriesRestApi:112 - checking cookies...
2020-11-01 10:01:20 INFO  CountriesRestApi:114 - cookie is: d85ff64309d510860c874488d6e51c3441604246481
2020-11-01 10:01:26 INFO  CountriesRestApi:27 - choice is: 1
2020-11-01 10:01:43 INFO  CountriesRestApi:71 - Checking Response Status code...
2020-11-01 10:01:43 INFO  CountriesRestApi:75 - checking Response Body...
2020-11-01 10:01:43 INFO  CountriesRestApi:77 - {"name":"Colombia","topLevelDomain":[".co"],"alpha2Code":"CO","alpha3Code":"COL","callingCodes":["57"],"capital":"Bogotá","altSpellings":["CO","Republic of Colombia","República de Colombia"],"region":"Americas","subregion":"South America","population":48759958,"latlng":[4.0,-72.0],"demonym":"Colombian","area":1141748.0,"gini":55.9,"timezones":["UTC-05:00"],"borders":["BRA","ECU","PAN","PER","VEN"],"nativeName":"Colombia","numericCode":"170","currencies":[{"code":"COP","name":"Colombian peso","symbol":"$"}],"languages":[{"iso639_1":"es","iso639_2":"spa","name":"Spanish","nativeName":"Español"}],"translations":{"de":"Kolumbien","es":"Colombia","fr":"Colombie","ja":"?????","it":"Colombia","br":"Colômbia","pt":"Colômbia","nl":"Colombia","hr":"Kolumbija","fa":"??????"},"flag":"https://restcountries.eu/data/col.svg","regionalBlocs":[{"acronym":"PA","name":"Pacific Alliance","otherAcronyms":[],"otherNames":["Alianza del Pacífico"]},{"acronym":"USAN","name":"Union of South American Nations","otherAcronyms":["UNASUR","UNASUL","UZAN"],"otherNames":["Unión de Naciones Suramericanas","União de Nações Sul-Americanas","Unie van Zuid-Amerikaanse Naties","South American Union"]}],"cioc":"COL"}
2020-11-01 10:01:43 INFO  CountriesRestApi:91 - checking header Content-Type...
2020-11-01 10:01:43 INFO  CountriesRestApi:93 - response header ContentType is:application/json;charset=utf-8
2020-11-01 10:01:43 INFO  CountriesRestApi:97 - checking header Content-Encoding...
2020-11-01 10:01:43 INFO  CountriesRestApi:99 - response header Content Encoding is:gzip
2020-11-01 10:01:43 INFO  CountriesRestApi:103 - checking Response Time...
2020-11-01 10:01:43 INFO  CountriesRestApi:108 - Response Time is:189
2020-11-01 10:01:43 INFO  CountriesRestApi:112 - checking cookies...
2020-11-01 10:01:43 INFO  CountriesRestApi:114 - cookie is: d496b782fd969d55f2e8d334a590696c01604246505
2020-11-01 10:02:05 INFO  CountriesRestApi:27 - choice is: 4
2020-11-01 10:02:15 INFO  CountriesRestApi:48 - ***********End of TC001_SearchByCountryCode*********
2020-11-01 15:27:16 INFO  CountriesRestApi:17 - ***********Started TC001_SearchByCountryCode************
2020-11-01 15:27:21 INFO  CountriesRestApi:28 - choice is: 1
2020-11-01 15:45:20 INFO  CountriesRestApi:72 - Checking Response Status code...
2020-11-01 15:45:20 INFO  CountriesRestApi:76 - checking Response Body...
2020-11-01 15:45:20 INFO  CountriesRestApi:78 - {"name":"Colombia","topLevelDomain":[".co"],"alpha2Code":"CO","alpha3Code":"COL","callingCodes":["57"],"capital":"Bogotá","altSpellings":["CO","Republic of Colombia","República de Colombia"],"region":"Americas","subregion":"South America","population":48759958,"latlng":[4.0,-72.0],"demonym":"Colombian","area":1141748.0,"gini":55.9,"timezones":["UTC-05:00"],"borders":["BRA","ECU","PAN","PER","VEN"],"nativeName":"Colombia","numericCode":"170","currencies":[{"code":"COP","name":"Colombian peso","symbol":"$"}],"languages":[{"iso639_1":"es","iso639_2":"spa","name":"Spanish","nativeName":"Español"}],"translations":{"de":"Kolumbien","es":"Colombia","fr":"Colombie","ja":"?????","it":"Colombia","br":"Colômbia","pt":"Colômbia","nl":"Colombia","hr":"Kolumbija","fa":"??????"},"flag":"https://restcountries.eu/data/col.svg","regionalBlocs":[{"acronym":"PA","name":"Pacific Alliance","otherAcronyms":[],"otherNames":["Alianza del Pacífico"]},{"acronym":"USAN","name":"Union of South American Nations","otherAcronyms":["UNASUR","UNASUL","UZAN"],"otherNames":["Unión de Naciones Suramericanas","União de Nações Sul-Americanas","Unie van Zuid-Amerikaanse Naties","South American Union"]}],"cioc":"COL"}
2020-11-01 15:45:21 INFO  CountriesRestApi:92 - checking header Content-Type...
2020-11-01 15:45:21 INFO  CountriesRestApi:94 - response header ContentType is:application/json;charset=utf-8
2020-11-01 15:45:21 INFO  CountriesRestApi:98 - checking header Content-Encoding...
2020-11-01 15:45:21 INFO  CountriesRestApi:100 - response header Content Encoding is:gzip
2020-11-01 15:45:21 INFO  CountriesRestApi:104 - checking Response Time...
2020-11-01 15:45:21 INFO  CountriesRestApi:109 - Response Time is:646
2020-11-01 15:45:21 INFO  CountriesRestApi:113 - checking cookies...
2020-11-01 15:45:21 INFO  CountriesRestApi:115 - cookie is: dad4c8776547306cf1067b3a183e6f2e11604267120
2020-11-01 15:45:52 INFO  CountriesRestApi:17 - ***********Started TC001_SearchByCountryCode************
2020-11-01 15:45:57 INFO  CountriesRestApi:28 - choice is: 1
2020-11-01 15:45:58 INFO  CountriesRestApi:72 - Checking Response Status code...
2020-11-01 15:45:58 INFO  CountriesRestApi:76 - checking Response Body...
2020-11-01 15:45:58 INFO  CountriesRestApi:78 - {"name":"Colombia","topLevelDomain":[".co"],"alpha2Code":"CO","alpha3Code":"COL","callingCodes":["57"],"capital":"Bogotá","altSpellings":["CO","Republic of Colombia","República de Colombia"],"region":"Americas","subregion":"South America","population":48759958,"latlng":[4.0,-72.0],"demonym":"Colombian","area":1141748.0,"gini":55.9,"timezones":["UTC-05:00"],"borders":["BRA","ECU","PAN","PER","VEN"],"nativeName":"Colombia","numericCode":"170","currencies":[{"code":"COP","name":"Colombian peso","symbol":"$"}],"languages":[{"iso639_1":"es","iso639_2":"spa","name":"Spanish","nativeName":"Español"}],"translations":{"de":"Kolumbien","es":"Colombia","fr":"Colombie","ja":"?????","it":"Colombia","br":"Colômbia","pt":"Colômbia","nl":"Colombia","hr":"Kolumbija","fa":"??????"},"flag":"https://restcountries.eu/data/col.svg","regionalBlocs":[{"acronym":"PA","name":"Pacific Alliance","otherAcronyms":[],"otherNames":["Alianza del Pacífico"]},{"acronym":"USAN","name":"Union of South American Nations","otherAcronyms":["UNASUR","UNASUL","UZAN"],"otherNames":["Unión de Naciones Suramericanas","União de Nações Sul-Americanas","Unie van Zuid-Amerikaanse Naties","South American Union"]}],"cioc":"COL"}
2020-11-01 15:45:59 INFO  CountriesRestApi:92 - checking header Content-Type...
2020-11-01 15:45:59 INFO  CountriesRestApi:94 - response header ContentType is:application/json;charset=utf-8
2020-11-01 15:45:59 INFO  CountriesRestApi:98 - checking header Content-Encoding...
2020-11-01 15:45:59 INFO  CountriesRestApi:100 - response header Content Encoding is:gzip
2020-11-01 15:45:59 INFO  CountriesRestApi:104 - checking Response Time...
2020-11-01 15:45:59 INFO  CountriesRestApi:109 - Response Time is:741
2020-11-01 15:45:59 INFO  CountriesRestApi:113 - checking cookies...
2020-11-01 15:45:59 INFO  CountriesRestApi:115 - cookie is: dae16324a1f2b62beb7d727bc622280271604267158
2020-11-01 15:46:03 INFO  CountriesRestApi:28 - choice is: 3
2020-11-01 15:46:03 INFO  CountriesRestApi:72 - Checking Response Status code...
2020-11-01 15:46:03 INFO  CountriesRestApi:76 - checking Response Body...
2020-11-01 15:46:03 INFO  CountriesRestApi:78 - {"name":"Estonia","topLevelDomain":[".ee"],"alpha2Code":"EE","alpha3Code":"EST","callingCodes":["372"],"capital":"Tallinn","altSpellings":["EE","Eesti","Republic of Estonia","Eesti Vabariik"],"region":"Europe","subregion":"Northern Europe","population":1315944,"latlng":[59.0,26.0],"demonym":"Estonian","area":45227.0,"gini":36.0,"timezones":["UTC+02:00"],"borders":["LVA","RUS"],"nativeName":"Eesti","numericCode":"233","currencies":[{"code":"EUR","name":"Euro","symbol":"€"}],"languages":[{"iso639_1":"et","iso639_2":"est","name":"Estonian","nativeName":"eesti"}],"translations":{"de":"Estland","es":"Estonia","fr":"Estonie","ja":"?????","it":"Estonia","br":"Estônia","pt":"Estónia","nl":"Estland","hr":"Estonija","fa":"??????"},"flag":"https://restcountries.eu/data/est.svg","regionalBlocs":[{"acronym":"EU","name":"European Union","otherAcronyms":[],"otherNames":[]}],"cioc":"EST"}
2020-11-01 15:46:03 INFO  CountriesRestApi:92 - checking header Content-Type...
2020-11-01 15:46:03 INFO  CountriesRestApi:94 - response header ContentType is:application/json;charset=utf-8
2020-11-01 15:46:03 INFO  CountriesRestApi:98 - checking header Content-Encoding...
2020-11-01 15:46:03 INFO  CountriesRestApi:100 - response header Content Encoding is:gzip
2020-11-01 15:46:03 INFO  CountriesRestApi:104 - checking Response Time...
2020-11-01 15:46:03 INFO  CountriesRestApi:109 - Response Time is:131
2020-11-01 15:46:03 INFO  CountriesRestApi:113 - checking cookies...
2020-11-01 15:46:03 INFO  CountriesRestApi:115 - cookie is: dfabc0a5d15b2e027f4b6a6aa97a2995d1604267163
2020-11-01 15:46:09 INFO  CountriesRestApi:28 - choice is: 5
2020-11-01 15:46:26 INFO  CountriesRestApi:28 - choice is: 4
2020-11-01 15:46:26 INFO  CountriesRestApi:49 - ***********End of TC001_SearchByCountryCode*********
2020-11-01 15:46:39 INFO  CountriesRestApi:17 - ***********Started TC001_SearchByCountryCode************
2020-11-01 15:46:43 INFO  CountriesRestApi:28 - choice is: 2
2020-11-01 15:46:44 INFO  CountriesRestApi:72 - Checking Response Status code...
2020-11-01 15:46:44 INFO  CountriesRestApi:76 - checking Response Body...
2020-11-01 15:46:44 INFO  CountriesRestApi:78 - {"name":"Norway","topLevelDomain":[".no"],"alpha2Code":"NO","alpha3Code":"NOR","callingCodes":["47"],"capital":"Oslo","altSpellings":["NO","Norge","Noreg","Kingdom of Norway","Kongeriket Norge","Kongeriket Noreg"],"region":"Europe","subregion":"Northern Europe","population":5223256,"latlng":[62.0,10.0],"demonym":"Norwegian","area":323802.0,"gini":25.8,"timezones":["UTC+01:00"],"borders":["FIN","SWE","RUS"],"nativeName":"Norge","numericCode":"578","currencies":[{"code":"NOK","name":"Norwegian krone","symbol":"kr"}],"languages":[{"iso639_1":"no","iso639_2":"nor","name":"Norwegian","nativeName":"Norsk"},{"iso639_1":"nb","iso639_2":"nob","name":"Norwegian Bokmål","nativeName":"Norsk bokmål"},{"iso639_1":"nn","iso639_2":"nno","name":"Norwegian Nynorsk","nativeName":"Norsk nynorsk"}],"translations":{"de":"Norwegen","es":"Noruega","fr":"Norvège","ja":"?????","it":"Norvegia","br":"Noruega","pt":"Noruega","nl":"Noorwegen","hr":"Norveška","fa":"????"},"flag":"https://restcountries.eu/data/nor.svg","regionalBlocs":[{"acronym":"EFTA","name":"European Free Trade Association","otherAcronyms":[],"otherNames":[]}],"cioc":"NOR"}
2020-11-01 15:46:45 INFO  CountriesRestApi:92 - checking header Content-Type...
2020-11-01 15:46:45 INFO  CountriesRestApi:94 - response header ContentType is:application/json;charset=utf-8
2020-11-01 15:46:45 INFO  CountriesRestApi:98 - checking header Content-Encoding...
2020-11-01 15:46:45 INFO  CountriesRestApi:100 - response header Content Encoding is:gzip
2020-11-01 15:46:45 INFO  CountriesRestApi:104 - checking Response Time...
2020-11-01 15:46:45 INFO  CountriesRestApi:109 - Response Time is:681
2020-11-01 15:46:45 INFO  CountriesRestApi:113 - checking cookies...
2020-11-01 15:46:45 INFO  CountriesRestApi:115 - cookie is: d03ae7e6a1f59fe406eec11c34670b8b61604267204
2020-11-01 15:51:17 INFO  CountriesRestApi:17 - ***********Started TC001_SearchByCountryCode************
2020-11-01 15:51:25 INFO  CountriesRestApi:29 - choice is: 2
2020-11-01 15:51:27 INFO  CountriesRestApi:73 - Checking Response Status code...
2020-11-01 15:51:27 INFO  CountriesRestApi:77 - checking Response Body...
2020-11-01 15:51:27 INFO  CountriesRestApi:79 - {"name":"Norway","topLevelDomain":[".no"],"alpha2Code":"NO","alpha3Code":"NOR","callingCodes":["47"],"capital":"Oslo","altSpellings":["NO","Norge","Noreg","Kingdom of Norway","Kongeriket Norge","Kongeriket Noreg"],"region":"Europe","subregion":"Northern Europe","population":5223256,"latlng":[62.0,10.0],"demonym":"Norwegian","area":323802.0,"gini":25.8,"timezones":["UTC+01:00"],"borders":["FIN","SWE","RUS"],"nativeName":"Norge","numericCode":"578","currencies":[{"code":"NOK","name":"Norwegian krone","symbol":"kr"}],"languages":[{"iso639_1":"no","iso639_2":"nor","name":"Norwegian","nativeName":"Norsk"},{"iso639_1":"nb","iso639_2":"nob","name":"Norwegian Bokmål","nativeName":"Norsk bokmål"},{"iso639_1":"nn","iso639_2":"nno","name":"Norwegian Nynorsk","nativeName":"Norsk nynorsk"}],"translations":{"de":"Norwegen","es":"Noruega","fr":"Norvège","ja":"?????","it":"Norvegia","br":"Noruega","pt":"Noruega","nl":"Noorwegen","hr":"Norveška","fa":"????"},"flag":"https://restcountries.eu/data/nor.svg","regionalBlocs":[{"acronym":"EFTA","name":"European Free Trade Association","otherAcronyms":[],"otherNames":[]}],"cioc":"NOR"}
2020-11-01 15:51:28 INFO  CountriesRestApi:93 - checking header Content-Type...
2020-11-01 15:51:28 INFO  CountriesRestApi:95 - response header ContentType is:application/json;charset=utf-8
2020-11-01 15:51:28 INFO  CountriesRestApi:99 - checking header Content-Encoding...
2020-11-01 15:51:28 INFO  CountriesRestApi:101 - response header Content Encoding is:gzip
2020-11-01 15:51:28 INFO  CountriesRestApi:105 - checking Response Time...
2020-11-01 15:51:28 INFO  CountriesRestApi:110 - Response Time is:977
2020-11-01 15:51:28 INFO  CountriesRestApi:114 - checking cookies...
2020-11-01 15:51:28 INFO  CountriesRestApi:116 - cookie is: ddeb66f7f96ffd08bc22e74b4258cb8951604267487
2020-11-01 15:51:37 INFO  CountriesRestApi:29 - choice is: 1
2020-11-01 15:51:37 INFO  CountriesRestApi:73 - Checking Response Status code...
2020-11-01 15:51:37 INFO  CountriesRestApi:77 - checking Response Body...
2020-11-01 15:51:37 INFO  CountriesRestApi:79 - {"name":"Colombia","topLevelDomain":[".co"],"alpha2Code":"CO","alpha3Code":"COL","callingCodes":["57"],"capital":"Bogotá","altSpellings":["CO","Republic of Colombia","República de Colombia"],"region":"Americas","subregion":"South America","population":48759958,"latlng":[4.0,-72.0],"demonym":"Colombian","area":1141748.0,"gini":55.9,"timezones":["UTC-05:00"],"borders":["BRA","ECU","PAN","PER","VEN"],"nativeName":"Colombia","numericCode":"170","currencies":[{"code":"COP","name":"Colombian peso","symbol":"$"}],"languages":[{"iso639_1":"es","iso639_2":"spa","name":"Spanish","nativeName":"Español"}],"translations":{"de":"Kolumbien","es":"Colombia","fr":"Colombie","ja":"?????","it":"Colombia","br":"Colômbia","pt":"Colômbia","nl":"Colombia","hr":"Kolumbija","fa":"??????"},"flag":"https://restcountries.eu/data/col.svg","regionalBlocs":[{"acronym":"PA","name":"Pacific Alliance","otherAcronyms":[],"otherNames":["Alianza del Pacífico"]},{"acronym":"USAN","name":"Union of South American Nations","otherAcronyms":["UNASUR","UNASUL","UZAN"],"otherNames":["Unión de Naciones Suramericanas","União de Nações Sul-Americanas","Unie van Zuid-Amerikaanse Naties","South American Union"]}],"cioc":"COL"}
2020-11-01 15:51:37 INFO  CountriesRestApi:93 - checking header Content-Type...
2020-11-01 15:51:37 INFO  CountriesRestApi:95 - response header ContentType is:application/json;charset=utf-8
2020-11-01 15:51:37 INFO  CountriesRestApi:99 - checking header Content-Encoding...
2020-11-01 15:51:37 INFO  CountriesRestApi:101 - response header Content Encoding is:gzip
2020-11-01 15:51:37 INFO  CountriesRestApi:105 - checking Response Time...
2020-11-01 15:51:37 INFO  CountriesRestApi:110 - Response Time is:165
2020-11-01 15:51:37 INFO  CountriesRestApi:114 - checking cookies...
2020-11-01 15:51:37 INFO  CountriesRestApi:116 - cookie is: d400d8ded09ca0132cde72677f6a4810d1604267497
2020-11-01 15:51:43 INFO  CountriesRestApi:29 - choice is: 3
2020-11-01 15:51:43 INFO  CountriesRestApi:73 - Checking Response Status code...
2020-11-01 15:51:43 INFO  CountriesRestApi:77 - checking Response Body...
2020-11-01 15:51:43 INFO  CountriesRestApi:79 - {"name":"Estonia","topLevelDomain":[".ee"],"alpha2Code":"EE","alpha3Code":"EST","callingCodes":["372"],"capital":"Tallinn","altSpellings":["EE","Eesti","Republic of Estonia","Eesti Vabariik"],"region":"Europe","subregion":"Northern Europe","population":1315944,"latlng":[59.0,26.0],"demonym":"Estonian","area":45227.0,"gini":36.0,"timezones":["UTC+02:00"],"borders":["LVA","RUS"],"nativeName":"Eesti","numericCode":"233","currencies":[{"code":"EUR","name":"Euro","symbol":"€"}],"languages":[{"iso639_1":"et","iso639_2":"est","name":"Estonian","nativeName":"eesti"}],"translations":{"de":"Estland","es":"Estonia","fr":"Estonie","ja":"?????","it":"Estonia","br":"Estônia","pt":"Estónia","nl":"Estland","hr":"Estonija","fa":"??????"},"flag":"https://restcountries.eu/data/est.svg","regionalBlocs":[{"acronym":"EU","name":"European Union","otherAcronyms":[],"otherNames":[]}],"cioc":"EST"}
2020-11-01 15:51:43 INFO  CountriesRestApi:93 - checking header Content-Type...
2020-11-01 15:51:43 INFO  CountriesRestApi:95 - response header ContentType is:application/json;charset=utf-8
2020-11-01 15:51:43 INFO  CountriesRestApi:99 - checking header Content-Encoding...
2020-11-01 15:51:43 INFO  CountriesRestApi:101 - response header Content Encoding is:gzip
2020-11-01 15:51:43 INFO  CountriesRestApi:105 - checking Response Time...
2020-11-01 15:51:43 INFO  CountriesRestApi:110 - Response Time is:156
2020-11-01 15:51:43 INFO  CountriesRestApi:114 - checking cookies...
2020-11-01 15:51:43 INFO  CountriesRestApi:116 - cookie is: dcb2da4ab1318a4e2fbbd11e0aeeede931604267503
2020-11-01 15:51:57 INFO  CountriesRestApi:29 - choice is: 5
2020-11-01 15:52:05 INFO  CountriesRestApi:29 - choice is: 2
2020-11-01 15:52:05 INFO  CountriesRestApi:73 - Checking Response Status code...
2020-11-01 15:52:05 INFO  CountriesRestApi:77 - checking Response Body...
2020-11-01 15:52:05 INFO  CountriesRestApi:79 - {"name":"Norway","topLevelDomain":[".no"],"alpha2Code":"NO","alpha3Code":"NOR","callingCodes":["47"],"capital":"Oslo","altSpellings":["NO","Norge","Noreg","Kingdom of Norway","Kongeriket Norge","Kongeriket Noreg"],"region":"Europe","subregion":"Northern Europe","population":5223256,"latlng":[62.0,10.0],"demonym":"Norwegian","area":323802.0,"gini":25.8,"timezones":["UTC+01:00"],"borders":["FIN","SWE","RUS"],"nativeName":"Norge","numericCode":"578","currencies":[{"code":"NOK","name":"Norwegian krone","symbol":"kr"}],"languages":[{"iso639_1":"no","iso639_2":"nor","name":"Norwegian","nativeName":"Norsk"},{"iso639_1":"nb","iso639_2":"nob","name":"Norwegian Bokmål","nativeName":"Norsk bokmål"},{"iso639_1":"nn","iso639_2":"nno","name":"Norwegian Nynorsk","nativeName":"Norsk nynorsk"}],"translations":{"de":"Norwegen","es":"Noruega","fr":"Norvège","ja":"?????","it":"Norvegia","br":"Noruega","pt":"Noruega","nl":"Noorwegen","hr":"Norveška","fa":"????"},"flag":"https://restcountries.eu/data/nor.svg","regionalBlocs":[{"acronym":"EFTA","name":"European Free Trade Association","otherAcronyms":[],"otherNames":[]}],"cioc":"NOR"}
2020-11-01 15:52:05 INFO  CountriesRestApi:93 - checking header Content-Type...
2020-11-01 15:52:05 INFO  CountriesRestApi:95 - response header ContentType is:application/json;charset=utf-8
2020-11-01 15:52:05 INFO  CountriesRestApi:99 - checking header Content-Encoding...
2020-11-01 15:52:05 INFO  CountriesRestApi:101 - response header Content Encoding is:gzip
2020-11-01 15:52:05 INFO  CountriesRestApi:105 - checking Response Time...
2020-11-01 15:52:05 INFO  CountriesRestApi:110 - Response Time is:202
2020-11-01 15:52:05 INFO  CountriesRestApi:114 - checking cookies...
2020-11-01 15:52:05 INFO  CountriesRestApi:116 - cookie is: d78d15be49b2b81303e03f015930e21fd1604267525
2020-11-01 15:52:12 INFO  CountriesRestApi:29 - choice is: 4
2020-11-01 15:52:12 INFO  CountriesRestApi:50 - ***********End of TC001_SearchByCountryCode*********
2020-11-01 15:52:47 INFO  CountriesRestApi:17 - ***********Started TC001_SearchByCountryCode************
2020-11-01 15:52:54 INFO  CountriesRestApi:29 - choice is: 2
2020-11-01 15:52:55 INFO  CountriesRestApi:72 - Checking Response Status code...
2020-11-01 15:52:55 INFO  CountriesRestApi:76 - checking Response Body...
2020-11-01 15:52:55 INFO  CountriesRestApi:78 - {"name":"Norway","topLevelDomain":[".no"],"alpha2Code":"NO","alpha3Code":"NOR","callingCodes":["47"],"capital":"Oslo","altSpellings":["NO","Norge","Noreg","Kingdom of Norway","Kongeriket Norge","Kongeriket Noreg"],"region":"Europe","subregion":"Northern Europe","population":5223256,"latlng":[62.0,10.0],"demonym":"Norwegian","area":323802.0,"gini":25.8,"timezones":["UTC+01:00"],"borders":["FIN","SWE","RUS"],"nativeName":"Norge","numericCode":"578","currencies":[{"code":"NOK","name":"Norwegian krone","symbol":"kr"}],"languages":[{"iso639_1":"no","iso639_2":"nor","name":"Norwegian","nativeName":"Norsk"},{"iso639_1":"nb","iso639_2":"nob","name":"Norwegian Bokmål","nativeName":"Norsk bokmål"},{"iso639_1":"nn","iso639_2":"nno","name":"Norwegian Nynorsk","nativeName":"Norsk nynorsk"}],"translations":{"de":"Norwegen","es":"Noruega","fr":"Norvège","ja":"?????","it":"Norvegia","br":"Noruega","pt":"Noruega","nl":"Noorwegen","hr":"Norveška","fa":"????"},"flag":"https://restcountries.eu/data/nor.svg","regionalBlocs":[{"acronym":"EFTA","name":"European Free Trade Association","otherAcronyms":[],"otherNames":[]}],"cioc":"NOR"}
2020-11-01 15:52:55 INFO  CountriesRestApi:92 - checking header Content-Type...
2020-11-01 15:52:55 INFO  CountriesRestApi:94 - response header ContentType is:application/json;charset=utf-8
2020-11-01 15:52:55 INFO  CountriesRestApi:98 - checking header Content-Encoding...
2020-11-01 15:52:55 INFO  CountriesRestApi:100 - response header Content Encoding is:gzip
2020-11-01 15:52:55 INFO  CountriesRestApi:104 - checking Response Time...
2020-11-01 15:52:55 INFO  CountriesRestApi:109 - Response Time is:629
2020-11-01 15:52:55 INFO  CountriesRestApi:113 - checking cookies...
2020-11-01 15:52:55 INFO  CountriesRestApi:115 - cookie is: de030fbee45c6b8b99da922c8f8271bd91604267575
2020-11-01 15:53:09 INFO  CountriesRestApi:29 - choice is: 1
2020-11-01 15:53:09 INFO  CountriesRestApi:72 - Checking Response Status code...
2020-11-01 15:53:09 INFO  CountriesRestApi:76 - checking Response Body...
2020-11-01 15:53:09 INFO  CountriesRestApi:78 - {"name":"Colombia","topLevelDomain":[".co"],"alpha2Code":"CO","alpha3Code":"COL","callingCodes":["57"],"capital":"Bogotá","altSpellings":["CO","Republic of Colombia","República de Colombia"],"region":"Americas","subregion":"South America","population":48759958,"latlng":[4.0,-72.0],"demonym":"Colombian","area":1141748.0,"gini":55.9,"timezones":["UTC-05:00"],"borders":["BRA","ECU","PAN","PER","VEN"],"nativeName":"Colombia","numericCode":"170","currencies":[{"code":"COP","name":"Colombian peso","symbol":"$"}],"languages":[{"iso639_1":"es","iso639_2":"spa","name":"Spanish","nativeName":"Español"}],"translations":{"de":"Kolumbien","es":"Colombia","fr":"Colombie","ja":"?????","it":"Colombia","br":"Colômbia","pt":"Colômbia","nl":"Colombia","hr":"Kolumbija","fa":"??????"},"flag":"https://restcountries.eu/data/col.svg","regionalBlocs":[{"acronym":"PA","name":"Pacific Alliance","otherAcronyms":[],"otherNames":["Alianza del Pacífico"]},{"acronym":"USAN","name":"Union of South American Nations","otherAcronyms":["UNASUR","UNASUL","UZAN"],"otherNames":["Unión de Naciones Suramericanas","União de Nações Sul-Americanas","Unie van Zuid-Amerikaanse Naties","South American Union"]}],"cioc":"COL"}
2020-11-01 15:53:09 INFO  CountriesRestApi:92 - checking header Content-Type...
2020-11-01 15:53:09 INFO  CountriesRestApi:94 - response header ContentType is:application/json;charset=utf-8
2020-11-01 15:53:09 INFO  CountriesRestApi:98 - checking header Content-Encoding...
2020-11-01 15:53:09 INFO  CountriesRestApi:100 - response header Content Encoding is:gzip
2020-11-01 15:53:09 INFO  CountriesRestApi:104 - checking Response Time...
2020-11-01 15:53:09 INFO  CountriesRestApi:109 - Response Time is:190
2020-11-01 15:53:09 INFO  CountriesRestApi:113 - checking cookies...
2020-11-01 15:53:09 INFO  CountriesRestApi:115 - cookie is: d6da8341d3da8b7bb5fa064c8725371c91604267589
2020-11-01 15:53:16 INFO  CountriesRestApi:29 - choice is: 3
2020-11-01 15:53:17 INFO  CountriesRestApi:72 - Checking Response Status code...
2020-11-01 15:53:17 INFO  CountriesRestApi:76 - checking Response Body...
2020-11-01 15:53:17 INFO  CountriesRestApi:78 - {"name":"Estonia","topLevelDomain":[".ee"],"alpha2Code":"EE","alpha3Code":"EST","callingCodes":["372"],"capital":"Tallinn","altSpellings":["EE","Eesti","Republic of Estonia","Eesti Vabariik"],"region":"Europe","subregion":"Northern Europe","population":1315944,"latlng":[59.0,26.0],"demonym":"Estonian","area":45227.0,"gini":36.0,"timezones":["UTC+02:00"],"borders":["LVA","RUS"],"nativeName":"Eesti","numericCode":"233","currencies":[{"code":"EUR","name":"Euro","symbol":"€"}],"languages":[{"iso639_1":"et","iso639_2":"est","name":"Estonian","nativeName":"eesti"}],"translations":{"de":"Estland","es":"Estonia","fr":"Estonie","ja":"?????","it":"Estonia","br":"Estônia","pt":"Estónia","nl":"Estland","hr":"Estonija","fa":"??????"},"flag":"https://restcountries.eu/data/est.svg","regionalBlocs":[{"acronym":"EU","name":"European Union","otherAcronyms":[],"otherNames":[]}],"cioc":"EST"}
2020-11-01 15:53:17 INFO  CountriesRestApi:92 - checking header Content-Type...
2020-11-01 15:53:17 INFO  CountriesRestApi:94 - response header ContentType is:application/json;charset=utf-8
2020-11-01 15:53:17 INFO  CountriesRestApi:98 - checking header Content-Encoding...
2020-11-01 15:53:17 INFO  CountriesRestApi:100 - response header Content Encoding is:gzip
2020-11-01 15:53:17 INFO  CountriesRestApi:104 - checking Response Time...
2020-11-01 15:53:17 INFO  CountriesRestApi:109 - Response Time is:135
2020-11-01 15:53:17 INFO  CountriesRestApi:113 - checking cookies...
2020-11-01 15:53:17 INFO  CountriesRestApi:115 - cookie is: d06fab1fc8e4ec017a4eed01c5fe6ce281604267597
2020-11-12 20:34:59 INFO  CountriesRestApi:17 - ***********Started TC001_SearchByCountryCode************
2020-11-12 20:35:02 INFO  CountriesRestApi:29 - choice is: 2
2020-11-12 20:35:32 INFO  CountriesRestApi:72 - Checking Response Status code...
2020-11-12 20:35:32 INFO  CountriesRestApi:76 - checking Response Body...
2020-11-12 20:35:32 INFO  CountriesRestApi:78 - {"name":"Norway","topLevelDomain":[".no"],"alpha2Code":"NO","alpha3Code":"NOR","callingCodes":["47"],"capital":"Oslo","altSpellings":["NO","Norge","Noreg","Kingdom of Norway","Kongeriket Norge","Kongeriket Noreg"],"region":"Europe","subregion":"Northern Europe","population":5223256,"latlng":[62.0,10.0],"demonym":"Norwegian","area":323802.0,"gini":25.8,"timezones":["UTC+01:00"],"borders":["FIN","SWE","RUS"],"nativeName":"Norge","numericCode":"578","currencies":[{"code":"NOK","name":"Norwegian krone","symbol":"kr"}],"languages":[{"iso639_1":"no","iso639_2":"nor","name":"Norwegian","nativeName":"Norsk"},{"iso639_1":"nb","iso639_2":"nob","name":"Norwegian Bokmål","nativeName":"Norsk bokmål"},{"iso639_1":"nn","iso639_2":"nno","name":"Norwegian Nynorsk","nativeName":"Norsk nynorsk"}],"translations":{"de":"Norwegen","es":"Noruega","fr":"Norvège","ja":"?????","it":"Norvegia","br":"Noruega","pt":"Noruega","nl":"Noorwegen","hr":"Norveška","fa":"????"},"flag":"https://restcountries.eu/data/nor.svg","regionalBlocs":[{"acronym":"EFTA","name":"European Free Trade Association","otherAcronyms":[],"otherNames":[]}],"cioc":"NOR"}
2020-11-12 20:35:42 INFO  CountriesRestApi:92 - checking header Content-Type...
2020-11-12 20:35:42 INFO  CountriesRestApi:94 - response header ContentType is:application/json;charset=utf-8
2020-11-12 20:35:42 INFO  CountriesRestApi:98 - checking header Content-Encoding...
2020-11-12 20:35:42 INFO  CountriesRestApi:100 - response header Content Encoding is:gzip
2020-11-12 20:35:42 INFO  CountriesRestApi:104 - checking Response Time...
2020-11-12 20:35:42 WARN  CountriesRestApi:107 - Response time is more than expected.
2020-11-12 20:35:42 INFO  CountriesRestApi:109 - Response Time is:7837
2020-11-12 20:35:42 INFO  CountriesRestApi:113 - checking cookies...
2020-11-12 20:35:42 INFO  CountriesRestApi:115 - cookie is: de76995575c9b5c6979d4e92d0ce204c81605234933
2020-11-12 20:35:53 INFO  CountriesRestApi:29 - choice is: 3
2020-11-12 20:35:53 INFO  CountriesRestApi:72 - Checking Response Status code...
2020-11-12 20:35:53 INFO  CountriesRestApi:76 - checking Response Body...
2020-11-12 20:35:53 INFO  CountriesRestApi:78 - {"name":"Estonia","topLevelDomain":[".ee"],"alpha2Code":"EE","alpha3Code":"EST","callingCodes":["372"],"capital":"Tallinn","altSpellings":["EE","Eesti","Republic of Estonia","Eesti Vabariik"],"region":"Europe","subregion":"Northern Europe","population":1315944,"latlng":[59.0,26.0],"demonym":"Estonian","area":45227.0,"gini":36.0,"timezones":["UTC+02:00"],"borders":["LVA","RUS"],"nativeName":"Eesti","numericCode":"233","currencies":[{"code":"EUR","name":"Euro","symbol":"€"}],"languages":[{"iso639_1":"et","iso639_2":"est","name":"Estonian","nativeName":"eesti"}],"translations":{"de":"Estland","es":"Estonia","fr":"Estonie","ja":"?????","it":"Estonia","br":"Estônia","pt":"Estónia","nl":"Estland","hr":"Estonija","fa":"??????"},"flag":"https://restcountries.eu/data/est.svg","regionalBlocs":[{"acronym":"EU","name":"European Union","otherAcronyms":[],"otherNames":[]}],"cioc":"EST"}
2020-11-12 20:35:53 INFO  CountriesRestApi:92 - checking header Content-Type...
2020-11-12 20:35:53 INFO  CountriesRestApi:94 - response header ContentType is:application/json;charset=utf-8
2020-11-12 20:35:53 INFO  CountriesRestApi:98 - checking header Content-Encoding...
2020-11-12 20:35:53 INFO  CountriesRestApi:100 - response header Content Encoding is:gzip
2020-11-12 20:35:53 INFO  CountriesRestApi:104 - checking Response Time...
2020-11-12 20:35:53 INFO  CountriesRestApi:109 - Response Time is:193
2020-11-12 20:35:53 INFO  CountriesRestApi:113 - checking cookies...
2020-11-12 20:35:53 INFO  CountriesRestApi:115 - cookie is: dfad15f02c2fdf948c855124cc0dd943a1605234956
2020-11-12 20:35:56 INFO  CountriesRestApi:29 - choice is: 1
2020-11-12 20:35:56 INFO  CountriesRestApi:72 - Checking Response Status code...
2020-11-12 20:35:56 INFO  CountriesRestApi:76 - checking Response Body...
2020-11-12 20:35:56 INFO  CountriesRestApi:78 - {"name":"Colombia","topLevelDomain":[".co"],"alpha2Code":"CO","alpha3Code":"COL","callingCodes":["57"],"capital":"Bogotá","altSpellings":["CO","Republic of Colombia","República de Colombia"],"region":"Americas","subregion":"South America","population":48759958,"latlng":[4.0,-72.0],"demonym":"Colombian","area":1141748.0,"gini":55.9,"timezones":["UTC-05:00"],"borders":["BRA","ECU","PAN","PER","VEN"],"nativeName":"Colombia","numericCode":"170","currencies":[{"code":"COP","name":"Colombian peso","symbol":"$"}],"languages":[{"iso639_1":"es","iso639_2":"spa","name":"Spanish","nativeName":"Español"}],"translations":{"de":"Kolumbien","es":"Colombia","fr":"Colombie","ja":"?????","it":"Colombia","br":"Colômbia","pt":"Colômbia","nl":"Colombia","hr":"Kolumbija","fa":"??????"},"flag":"https://restcountries.eu/data/col.svg","regionalBlocs":[{"acronym":"PA","name":"Pacific Alliance","otherAcronyms":[],"otherNames":["Alianza del Pacífico"]},{"acronym":"USAN","name":"Union of South American Nations","otherAcronyms":["UNASUR","UNASUL","UZAN"],"otherNames":["Unión de Naciones Suramericanas","União de Nações Sul-Americanas","Unie van Zuid-Amerikaanse Naties","South American Union"]}],"cioc":"COL"}
2020-11-12 20:35:56 INFO  CountriesRestApi:92 - checking header Content-Type...
2020-11-12 20:35:56 INFO  CountriesRestApi:94 - response header ContentType is:application/json;charset=utf-8
2020-11-12 20:35:56 INFO  CountriesRestApi:98 - checking header Content-Encoding...
2020-11-12 20:35:56 INFO  CountriesRestApi:100 - response header Content Encoding is:gzip
2020-11-12 20:35:56 INFO  CountriesRestApi:104 - checking Response Time...
2020-11-12 20:35:56 INFO  CountriesRestApi:109 - Response Time is:188
2020-11-12 20:35:56 INFO  CountriesRestApi:113 - checking cookies...
2020-11-12 20:35:56 INFO  CountriesRestApi:115 - cookie is: d20619a04b17ef62cca848c9610f598151605234959
2020-11-12 20:36:01 INFO  CountriesRestApi:29 - choice is: 5
2020-11-12 20:36:08 INFO  CountriesRestApi:29 - choice is: 2
2020-11-12 20:36:08 INFO  CountriesRestApi:72 - Checking Response Status code...
2020-11-12 20:36:08 INFO  CountriesRestApi:76 - checking Response Body...
2020-11-12 20:36:08 INFO  CountriesRestApi:78 - {"name":"Norway","topLevelDomain":[".no"],"alpha2Code":"NO","alpha3Code":"NOR","callingCodes":["47"],"capital":"Oslo","altSpellings":["NO","Norge","Noreg","Kingdom of Norway","Kongeriket Norge","Kongeriket Noreg"],"region":"Europe","subregion":"Northern Europe","population":5223256,"latlng":[62.0,10.0],"demonym":"Norwegian","area":323802.0,"gini":25.8,"timezones":["UTC+01:00"],"borders":["FIN","SWE","RUS"],"nativeName":"Norge","numericCode":"578","currencies":[{"code":"NOK","name":"Norwegian krone","symbol":"kr"}],"languages":[{"iso639_1":"no","iso639_2":"nor","name":"Norwegian","nativeName":"Norsk"},{"iso639_1":"nb","iso639_2":"nob","name":"Norwegian Bokmål","nativeName":"Norsk bokmål"},{"iso639_1":"nn","iso639_2":"nno","name":"Norwegian Nynorsk","nativeName":"Norsk nynorsk"}],"translations":{"de":"Norwegen","es":"Noruega","fr":"Norvège","ja":"?????","it":"Norvegia","br":"Noruega","pt":"Noruega","nl":"Noorwegen","hr":"Norveška","fa":"????"},"flag":"https://restcountries.eu/data/nor.svg","regionalBlocs":[{"acronym":"EFTA","name":"European Free Trade Association","otherAcronyms":[],"otherNames":[]}],"cioc":"NOR"}
2020-11-12 20:36:08 INFO  CountriesRestApi:92 - checking header Content-Type...
2020-11-12 20:36:08 INFO  CountriesRestApi:94 - response header ContentType is:application/json;charset=utf-8
2020-11-12 20:36:08 INFO  CountriesRestApi:98 - checking header Content-Encoding...
2020-11-12 20:36:08 INFO  CountriesRestApi:100 - response header Content Encoding is:gzip
2020-11-12 20:36:08 INFO  CountriesRestApi:104 - checking Response Time...
2020-11-12 20:36:08 INFO  CountriesRestApi:109 - Response Time is:199
2020-11-12 20:36:08 INFO  CountriesRestApi:113 - checking cookies...
2020-11-12 20:36:08 INFO  CountriesRestApi:115 - cookie is: d5121e72329d96e3d86cf19da830a33d01605234971
2020-11-12 20:36:15 INFO  CountriesRestApi:29 - choice is: 3
2020-11-12 20:36:15 INFO  CountriesRestApi:72 - Checking Response Status code...
2020-11-12 20:36:15 INFO  CountriesRestApi:76 - checking Response Body...
2020-11-12 20:36:15 INFO  CountriesRestApi:78 - {"name":"Estonia","topLevelDomain":[".ee"],"alpha2Code":"EE","alpha3Code":"EST","callingCodes":["372"],"capital":"Tallinn","altSpellings":["EE","Eesti","Republic of Estonia","Eesti Vabariik"],"region":"Europe","subregion":"Northern Europe","population":1315944,"latlng":[59.0,26.0],"demonym":"Estonian","area":45227.0,"gini":36.0,"timezones":["UTC+02:00"],"borders":["LVA","RUS"],"nativeName":"Eesti","numericCode":"233","currencies":[{"code":"EUR","name":"Euro","symbol":"€"}],"languages":[{"iso639_1":"et","iso639_2":"est","name":"Estonian","nativeName":"eesti"}],"translations":{"de":"Estland","es":"Estonia","fr":"Estonie","ja":"?????","it":"Estonia","br":"Estônia","pt":"Estónia","nl":"Estland","hr":"Estonija","fa":"??????"},"flag":"https://restcountries.eu/data/est.svg","regionalBlocs":[{"acronym":"EU","name":"European Union","otherAcronyms":[],"otherNames":[]}],"cioc":"EST"}
2020-11-12 20:36:15 INFO  CountriesRestApi:92 - checking header Content-Type...
2020-11-12 20:36:15 INFO  CountriesRestApi:94 - response header ContentType is:application/json;charset=utf-8
2020-11-12 20:36:15 INFO  CountriesRestApi:98 - checking header Content-Encoding...
2020-11-12 20:36:15 INFO  CountriesRestApi:100 - response header Content Encoding is:gzip
2020-11-12 20:36:15 INFO  CountriesRestApi:104 - checking Response Time...
2020-11-12 20:36:15 INFO  CountriesRestApi:109 - Response Time is:195
2020-11-12 20:36:15 INFO  CountriesRestApi:113 - checking cookies...
2020-11-12 20:36:15 INFO  CountriesRestApi:115 - cookie is: db5a5c53872f0b144b540cfd5ae17e2ec1605234978
2020-11-12 20:36:26 INFO  CountriesRestApi:29 - choice is: 1
2020-11-12 20:36:26 INFO  CountriesRestApi:72 - Checking Response Status code...
2020-11-12 20:36:26 INFO  CountriesRestApi:76 - checking Response Body...
2020-11-12 20:36:26 INFO  CountriesRestApi:78 - {"name":"Colombia","topLevelDomain":[".co"],"alpha2Code":"CO","alpha3Code":"COL","callingCodes":["57"],"capital":"Bogotá","altSpellings":["CO","Republic of Colombia","República de Colombia"],"region":"Americas","subregion":"South America","population":48759958,"latlng":[4.0,-72.0],"demonym":"Colombian","area":1141748.0,"gini":55.9,"timezones":["UTC-05:00"],"borders":["BRA","ECU","PAN","PER","VEN"],"nativeName":"Colombia","numericCode":"170","currencies":[{"code":"COP","name":"Colombian peso","symbol":"$"}],"languages":[{"iso639_1":"es","iso639_2":"spa","name":"Spanish","nativeName":"Español"}],"translations":{"de":"Kolumbien","es":"Colombia","fr":"Colombie","ja":"?????","it":"Colombia","br":"Colômbia","pt":"Colômbia","nl":"Colombia","hr":"Kolumbija","fa":"??????"},"flag":"https://restcountries.eu/data/col.svg","regionalBlocs":[{"acronym":"PA","name":"Pacific Alliance","otherAcronyms":[],"otherNames":["Alianza del Pacífico"]},{"acronym":"USAN","name":"Union of South American Nations","otherAcronyms":["UNASUR","UNASUL","UZAN"],"otherNames":["Unión de Naciones Suramericanas","União de Nações Sul-Americanas","Unie van Zuid-Amerikaanse Naties","South American Union"]}],"cioc":"COL"}
2020-11-12 20:36:26 INFO  CountriesRestApi:92 - checking header Content-Type...
2020-11-12 20:36:26 INFO  CountriesRestApi:94 - response header ContentType is:application/json;charset=utf-8
2020-11-12 20:36:26 INFO  CountriesRestApi:98 - checking header Content-Encoding...
2020-11-12 20:36:26 INFO  CountriesRestApi:100 - response header Content Encoding is:gzip
2020-11-12 20:36:26 INFO  CountriesRestApi:104 - checking Response Time...
2020-11-12 20:36:26 INFO  CountriesRestApi:109 - Response Time is:203
2020-11-12 20:36:26 INFO  CountriesRestApi:113 - checking cookies...
2020-11-12 20:36:26 INFO  CountriesRestApi:115 - cookie is: d61c7694f14bceb2639437b42e2e17d971605234989
2020-11-12 20:40:01 INFO  CountriesRestApi:29 - choice is: 345
2020-11-12 20:40:08 INFO  CountriesRestApi:29 - choice is: 4
2020-11-12 20:40:08 INFO  CountriesRestApi:49 - ***********End of TC001_SearchByCountryCode*********
